Migrating to Setup (1)
Migrating to IssueMove (2)
Migrating to IssueAddNote (3)
Migrating to ExportPdf (4)
Migrating to IssueStartDate (5)
Migrating to CalendarAndActivity (6)
Migrating to CreateJournals (7)
Migrating to CreateUserPreferences (8)
Migrating to AddHideMailPref (9)
Migrating to CreateComments (10)
Migrating to AddNewsCommentsCount (11)
Migrating to AddCommentsPermissions (12)
Migrating to CreateQueries (13)
Migrating to AddQueriesPermissions (14)
Migrating to CreateRepositories (15)
Migrating to AddRepositoriesPermissions (16)
Migrating to CreateSettings (17)
Migrating to SetDocAndFilesNotifications (18)
Migrating to AddIssueStatusPosition (19)
Migrating to AddRolePosition (20)
Migrating to AddTrackerPosition (21)
Migrating to SerializePossiblesValues (22)
Migrating to AddTrackerIsInRoadmap (23)
Migrating to AddRoadmapPermission (24)
Migrating to AddSearchPermission (25)
Migrating to AddRepositoryLoginAndPassword (26)
Migrating to CreateWikis (27)
Migrating to CreateWikiPages (28)
Migrating to CreateWikiContents (29)
Migrating to AddProjectsFeedsPermissions (30)
Migrating to AddRepositoryRootUrl (31)
Migrating to CreateTimeEntries (32)
Migrating to AddTimelogPermissions (33)
Migrating to CreateChangesets (34)
Migrating to CreateChanges (35)
Migrating to AddChangesetCommitDate (36)
Migrating to AddProjectIdentifier (37)
Migrating to AddCustomFieldIsFilter (38)
Migrating to CreateWatchers (39)
Migrating to CreateChangesetsIssues (40)
Migrating to RenameCommentToComments (41)
Migrating to CreateIssueRelations (42)
Migrating to AddRelationsPermissions (43)
Migrating to SetLanguageLengthToFive (44)
Migrating to CreateBoards (45)
Migrating to CreateMessages (46)
Migrating to AddBoardsPermissions (47)
Migrating to AllowNullVersionEffectiveDate (48)
Migrating to AddWikiDestroyPagePermission (49)
Migrating to AddWikiAttachmentsPermissions (50)
Migrating to AddProjectStatus (51)
Migrating to AddChangesRevision (52)
Migrating to AddChangesBranch (53)
Migrating to AddChangesetsScmid (54)
Migrating to AddRepositoriesType (55)
Migrating to AddRepositoriesChangesPermission (56)
Migrating to AddVersionsWikiPageTitle (57)
Migrating to AddIssueCategoriesAssignedToId (58)
Migrating to AddRolesAssignable (59)
Migrating to ChangeChangesetsCommitterLimit (60)
Migrating to AddRolesBuiltin (61)
Migrating to InsertBuiltinRoles (62)
Migrating to AddRolesPermissions (63)
Migrating to DropPermissions (64)
Migrating to AddSettingsUpdatedOn (65)
Migrating to AddCustomValueCustomizedIndex (66)
Migrating to CreateWikiRedirects (67)
Migrating to CreateEnabledModules (68)
Migrating to AddIssuesEstimatedHours (69)
Migrating to ChangeAttachmentsContentTypeLimit (70)
Migrating to AddQueriesColumnNames (71)
Migrating to AddEnumerationsPosition (72)
Creating scope :system. Overwriting existing method Enumeration.system.
Migrating to AddEnumerationsIsDefault (73)
Migrating to AddAuthSourcesTls (74)
Migrating to AddMembersMailNotification (75)
Migrating to AllowNullPosition (76)
Migrating to RemoveIssueStatusesHtmlColor (77)
Migrating to AddCustomFieldsPosition (78)
Migrating to AddUserPreferencesTimeZone (79)
Migrating to AddUsersType (80)
Creating scope :sorted. Overwriting existing method Group.sorted.
Creating scope :sorted. Overwriting existing method User.sorted.
Migrating to CreateProjectsTrackers (81)
Migrating to AddMessagesLocked (82)
Migrating to AddMessagesSticky (83)
Migrating to ChangeAuthSourcesAccountLimit (84)
Migrating to AddRoleTrackerOldStatusIndexToWorkflows (85)
Migrating to AddCustomFieldsSearchable (86)
Migrating to ChangeProjectsDescriptionToText (87)
Migrating to AddCustomFieldsDefaultValue (88)
Migrating to AddAttachmentsDescription (89)
Migrating to ChangeVersionsNameLimit (90)
Migrating to ChangeChangesetsRevisionToString (91)
Migrating to ChangeChangesFromRevisionToString (92)
Migrating to AddWikiPagesProtected (93)
Migrating to ChangeProjectsHomepageLimit (94)
Migrating to AddWikiPagesParentId (95)
Migrating to AddCommitAccessPermission (96)
Migrating to AddViewWikiEditsPermission (97)
Migrating to SetTopicAuthorsAsWatchers (98)
Migrating to AddDeleteWikiPagesAttachmentsPermission (99)
Migrating to AddChangesetsUserId (100)
Migrating to PopulateChangesetsUserId (101)
Migrating to AddCustomFieldsEditable (102)
Migrating to SetCustomFieldsEditable (103)
Migrating to AddProjectsLftAndRgt (104)
Migrating to BuildProjectsTree (105)
Migrating to RemoveProjectsProjectsCount (106)
Migrating to AddOpenIdAuthenticationTables (107)
Migrating to AddIdentityUrlToUsers (108)
Migrating to AddWatchersUserIdTypeIndex (20090214190337)
Migrating to AddQueriesSortCriteria (20090312172426)
Migrating to AddProjectsTrackersUniqueIndex (20090312194159)
Migrating to ExtendSettingsName (20090318181151)
Migrating to AddTypeToEnumerations (20090323224724)
Migrating to UpdateEnumerationsToSti (20090401221305)
Migrating to AddActiveFieldToEnumerations (20090401231134)
Migrating to AddProjectToEnumerations (20090403001910)
Migrating to AddParentIdToEnumerations (20090406161854)
Migrating to AddQueriesGroupBy (20090425161243)
Migrating to CreateMemberRoles (20090503121501)
Migrating to PopulateMemberRoles (20090503121505)
Migrating to DropMembersRoleId (20090503121510)
Migrating to FixMessagesStickyNull (20090614091200)
Migrating to PopulateUsersType (20090704172350)
Migrating to CreateGroupsUsers (20090704172355)
Migrating to AddMemberRolesInheritedFrom (20090704172358)
Migrating to FixUsersCustomValues (20091010093521)
Migrating to AddMissingIndexesToWorkflows (20091017212227)
Migrating to AddMissingIndexesToCustomFieldsProjects (20091017212457)
Migrating to AddMissingIndexesToMessages (20091017212644)
Migrating to AddMissingIndexesToRepositories (20091017212938)
Migrating to AddMissingIndexesToComments (20091017213027)
Migrating to AddMissingIndexesToEnumerations (20091017213113)
Migrating to AddMissingIndexesToWikiPages (20091017213151)
Migrating to AddMissingIndexesToWatchers (20091017213228)
Migrating to AddMissingIndexesToAuthSources (20091017213257)
Migrating to AddMissingIndexesToDocuments (20091017213332)
Migrating to AddMissingIndexesToTokens (20091017213444)
Migrating to AddMissingIndexesToChangesets (20091017213536)
Migrating to AddMissingIndexesToIssueCategories (20091017213642)
Migrating to AddMissingIndexesToMemberRoles (20091017213716)
Migrating to AddMissingIndexesToBoards (20091017213757)
Migrating to AddMissingIndexesToUserPreferences (20091017213835)
Migrating to AddMissingIndexesToIssues (20091017213910)
Migrating to AddMissingIndexesToMembers (20091017214015)
Migrating to AddMissingIndexesToCustomFields (20091017214107)
Migrating to AddMissingIndexesToQueries (20091017214136)
Migrating to AddMissingIndexesToTimeEntries (20091017214236)
Migrating to AddMissingIndexesToNews (20091017214308)
Migrating to AddMissingIndexesToUsers (20091017214336)
Migrating to AddMissingIndexesToAttachments (20091017214406)
Migrating to AddMissingIndexesToWikiContents (20091017214440)
Migrating to AddMissingIndexesToCustomValues (20091017214519)
Migrating to AddMissingIndexesToJournals (20091017214611)
Migrating to AddMissingIndexesToIssueRelations (20091017214644)
Migrating to AddMissingIndexesToWikiRedirects (20091017214720)
Migrating to AddMissingIndexesToCustomFieldsTrackers (20091017214750)
Migrating to AddActivityIndexes (20091025163651)
Migrating to AddVersionsStatus (20091108092559)
Migrating to AddViewIssuesPermission (20091114105931)
Migrating to AddDefaultDoneRatioToIssueStatus (20091123212029)
Migrating to AddVersionsSharing (20091205124427)
Migrating to AddLftAndRgtIndexesToProjects (20091220183509)
Migrating to AddIndexToSettingsName (20091220183727)
Migrating to AddIndexesToIssueStatus (20091220184736)
Migrating to RemoveEnumerationsOpt (20091225164732)
Migrating to ChangeWikiContentsTextLimit (20091227112908)
Migrating to ChangeUsersMailNotificationToString (20100129193402)
Migrating to UpdateMailNotificationValues (20100129193813)
Migrating to AddIndexOnChangesetsScmid (20100221100219)
Migrating to AddIssuesNestedSetsColumns (20100313132032)
Migrating to AddIndexOnIssuesNestedSet (20100313171051)
Migrating to ChangeChangesPathLengthLimit (20100705164950)
Migrating to EnableCalendarAndGanttModulesWhereAppropriate (20100819172912)
Migrating to AddUniqueIndexOnMembers (20101104182107)
Migrating to AddCustomFieldsVisible (20101107130441)
Migrating to ChangeProjectsNameLimit (20101114115114)
Migrating to ChangeProjectsIdentifierLimit (20101114115359)
Migrating to AddWorkflowsAssigneeAndAuthor (20110220160626)
Migrating to AddUsersSalt (20110223180944)
Migrating to SaltUserPasswords (20110223180953)
Migrating to AddRepositoriesPathEncoding (20110224000000)
Migrating to ChangeRepositoriesPasswordLimit (20110226120112)
Migrating to ChangeAuthSourcesAccountPasswordLimit (20110226120132)
Migrating to ChangeJournalDetailsValuesToText (20110227125750)
Migrating to AddRepositoriesLogEncoding (20110228000000)
Migrating to CopyRepositoriesLogEncoding (20110228000100)
Migrating to AddIndexToUsersType (20110401192910)
Migrating to AddRolesIssuesVisibility (20110408103312)
Migrating to AddIssuesIsPrivate (20110412065600)
Migrating to AddRepositoriesExtraInfo (20110511000000)
Migrating to CreateChangesetParents (20110902000000)
Migrating to AddUniqueIndexToIssueRelations (20111201201315)
Migrating to AddRepositoriesIdentifier (20120115143024)
Migrating to AddRepositoriesIsDefault (20120115143100)
Migrating to SetDefaultRepositories (20120115143126)
Migrating to AddCustomFieldsMultiple (20120127174243)
Migrating to ChangeUsersLoginLimit (20120205111326)
Migrating to ChangeAttachmentsContainerDefaults (20120223110929)
Migrating to AddAuthSourcesFilter (20120301153455)
Migrating to ChangeRepositoriesToFullSti (20120422150750)
Migrating to AddTrackersFieldsBits (20120705074331)
Migrating to AddAuthSourcesTimeout (20120707064544)
Migrating to AddWorkflowsType (20120714122000)
Migrating to UpdateWorkflowsToSti (20120714122100)
Migrating to AddWorkflowsRuleFields (20120714122200)
Migrating to AddBoardsParentId (20120731164049)
Migrating to AddJournalsPrivateNotes (20120930112914)
Migrating to AddEnumerationsPositionName (20121026002032)
Migrating to PopulateEnumerationsPositionName (20121026003537)
Migrating to AddQueriesType (20121209123234)
Migrating to UpdateQueriesToSti (20121209123358)
Migrating to AddAttachmentsDiskDirectory (20121213084931)
Migrating to SplitDocumentsPermissions (20130110122628)
Migrating to AddUniqueIndexOnTokensValue (20130201184705)
Migrating to AddProjectsInheritMembers (20130202090625)
Migrating to AddUniqueIndexOnCustomFieldsTrackers (20130207175206)
Migrating to AddUniqueIndexOnCustomFieldsProjects (20130207181455)
Migrating to ChangeUsersLastnameLengthTo255 (20130215073721)
Migrating to AddIssuesClosedOn (20130215111127)
Migrating to PopulateIssuesClosedOn (20130215111141)
Migrating to RemoveIssuesDefaultFkValues (20130217094251)
Migrating to CreateQueriesRoles (20130602092539)
Migrating to AddQueriesVisibility (20130710182539)
Migrating to CreateCustomFieldsRoles (20130713104233)
Migrating to AddQueriesOptions (20130713111657)
Migrating to AddUsersMustChangePasswd (20130729070143)
Migrating to RemoveEolsFromAttachmentsFilename (20130911193200)
Migrating to SupportForMultipleCommitKeywords (20131004113137)
Migrating to AddRepositoriesCreatedOn (20131005100610)
Migrating to AddCustomFieldsFormatStore (20131124175346)
Migrating to AddCustomFieldsDescription (20131210180802)
Migrating to RemoveCustomFieldsMinMaxLengthDefaultValues (20131214094309)
Migrating to StoreRelationTypeInJournalDetails (20131215104612)
Migrating to DeleteOrphanTimeEntriesCustomValues (20131218183023)
Migrating to ChangeChangesetsCommentsLimit (20140228130325)
Migrating to AddPasswordChangedAtToUser (20140903143914)
Migrating to InsertBuiltinGroups (20140920094058)
Migrating to AddTrackersDefaultStatusId (20141029181752)
Migrating to RemoveIssueStatusesIsDefault (20141029181824)
Migrating to AddRolesUsersVisibility (20141109112308)
Migrating to AddWikiRedirectsRedirectsToWikiId (20141122124142)
Migrating to CreateEmailAddresses (20150113194759)
Migrating to PopulateEmailAddresses (20150113211532)
Migrating to RemoveUsersMail (20150113213922)
Migrating to AddEmailAddressesUserIdIndex (20150113213955)
Migrating to ReplaceMoveIssuesPermission (20150208105930)
Migrating to ChangeDocumentsTitleLimit (20150510083747)
Migrating to ClearEstimatedHoursOnParentIssues (20150525103953)
Migrating to AddRolesTimeEntriesVisibility (20150526183158)
Migrating to AddRolesAllRolesManaged (20150528084820)
Migrating to CreateRolesManagedRoles (20150528092912)
Migrating to AddUniqueIndexOnRolesManagedRoles (20150528093249)
Migrating to InsertAllowedStatusesForNewIssues (20150725112753)
Migrating to CreateImports (20150730122707)
Migrating to CreateImportItems (20150730122735)
Migrating to ChangeTimeEntriesCommentsLimitTo1024 (20150921204850)
Migrating to ChangeWikiContentsCommentsLimitTo1024 (20150921210243)
Migrating to ChangeAttachmentsFilesizeLimitTo8 (20151020182334)
Migrating to FixCommaInUserFormatSettingValue (20151020182731)
Migrating to ChangeIssueCategoriesNameLimitTo60 (20151021184614)
Migrating to ChangeAuthSourcesFilterToText (20151021185456)
Migrating to ChangeUserPreferencesHideMailDefaultToTrue (20151021190616)
Migrating to AddTokensUpdatedOn (20151024082034)
Migrating to CreateCustomFieldEnumerations (20151025072118)
Migrating to AddProjectsDefaultVersionId (20151031095005)
Migrating to ForcePasswordResetDuringSetup (20160404080304)
Migrating to RemovePositionDefaults (20160416072926)
Migrating to AddRolesSettings (20160529063352)
Migrating to AddTrackerIdIndexToWorkflows (20161001122012)
Migrating to AddIndexOnMemberRolesInheritedFrom (20161002133421)
Migrating to ChangeIssuesDescriptionLimit (20161010081301)
Migrating to ChangeJournalDetailsValueLimit (20161010081528)
Migrating to ChangeJournalsNotesLimit (20161010081600)
Migrating to AddIndexOnChangesetsIssuesIssueId (20161126094932)
Migrating to AddIndexOnIssuesParentId (20161220091118)
Migrating to AddIndexOnDiskFilenameToAttachments (20170207050700)
Migrating to ChangeAttachmentsDigestLimitTo64 (20170302015225)
Migrating to AddProjectDefaultAssignedToId (20170309214320)
Migrating to ChangeRepositoriesExtraInfoLimit (20170320051650)
Migrating to AddViewNewsToAllExistingRoles (20170418090031)
Migrating to AddViewMessagesToAllExistingRoles (20170419144536)
Migrating to RenameCommentsToContent (20170723112801)
Migrating to AddAuthorIdToTimeEntries (20180501132547)
Migrating to AddVerifyPeerToAuthSources (20180913072918)
Migrating to ChangeSqliteBooleansTo0And1 (20180923082945)
Migrating to ChangeSqliteBooleansDefault (20180923091603)
Migrating to ChangeCustomValuesValueLimit (20190315094151)
Migrating to AddTrackersDescription (20190315102101)
Migrating to AddUniqueIdToImportItems (20190510070108)
Migrating to ChangeRolesNameLimit (20190620135549)
Migrating to AddTwofaSchemeToUser (20200826153401)
Migrating to AddTotpToUser (20200826153402)
Creating scope :system. Overwriting existing method Enumeration.system.
Creating scope :sorted. Overwriting existing method Group.sorted.
Creating scope :sorted. Overwriting existing method User.sorted.
Creating scope :system. Overwriting existing method Enumeration.system.
Creating scope :sorted. Overwriting existing method Group.sorted.
Creating scope :sorted. Overwriting existing method User.sorted.
Started GET "/" for 127.0.0.1 at 2021-05-23 09:03:07 +0300
Processing by WelcomeController#index as HTML
  Current user: anonymous
  Rendering welcome/index.html.erb within layouts/base
  Rendered welcome/index.html.erb within layouts/base (12.0ms)
Completed 200 OK in 3168ms (Views: 310.9ms | ActiveRecord: 78.1ms)
Started GET "/projects" for 127.0.0.1 at 2021-05-23 09:03:16 +0300
Processing by ProjectsController#index as HTML
  Current user: anonymous
  Rendering projects/index.html.erb within layouts/base
  Rendered queries/_filters.html.erb (56.0ms)
  Rendered queries/_columns.html.erb (3.9ms)
  Rendered queries/_query_form.html.erb (503.8ms)
  Rendered projects/_sidebar.html.erb (9.6ms)
  Rendered projects/index.html.erb within layouts/base (1122.0ms)
Completed 200 OK in 1477ms (Views: 1144.9ms | ActiveRecord: 44.5ms)
Creating scope :system. Overwriting existing method Enumeration.system.
Creating scope :sorted. Overwriting existing method Group.sorted.
Creating scope :sorted. Overwriting existing method User.sorted.
Creating scope :system. Overwriting existing method Enumeration.system.
Creating scope :sorted. Overwriting existing method Group.sorted.
Creating scope :sorted. Overwriting existing method User.sorted.
Creating scope :system. Overwriting existing method Enumeration.system.
Creating scope :sorted. Overwriting existing method Group.sorted.
Creating scope :sorted. Overwriting existing method User.sorted.
Started GET "/" for 127.0.0.1 at 2021-05-23 09:20:46 +0300
Processing by WelcomeController#index as HTML
  Current user: anonymous
Started GET "/" for 127.0.0.1 at 2021-05-23 09:20:50 +0300
Processing by WelcomeController#index as HTML
  Current user: anonymous
  Rendering welcome/index.html.erb within layouts/base
  Rendered welcome/index.html.erb within layouts/base (26.4ms)
Completed 200 OK in 6241ms (Views: 1014.8ms | ActiveRecord: 450.4ms)
  Rendering welcome/index.html.erb within layouts/base
  Rendered welcome/index.html.erb within layouts/base (1.8ms)
Completed 200 OK in 4785ms (Views: 22.1ms | ActiveRecord: 52.6ms)
Started GET "/projects" for 127.0.0.1 at 2021-05-23 09:20:59 +0300
Processing by ProjectsController#index as HTML
  Current user: anonymous
  Rendering projects/index.html.erb within layouts/base
  Rendered queries/_filters.html.erb (51.4ms)
  Rendered queries/_columns.html.erb (2.6ms)
  Rendered queries/_query_form.html.erb (403.6ms)
  Rendered projects/_sidebar.html.erb (8.2ms)
  Rendered projects/index.html.erb within layouts/base (773.8ms)
Completed 200 OK in 1050ms (Views: 794.4ms | ActiveRecord: 41.7ms)
Started GET "/login" for 127.0.0.1 at 2021-05-23 09:21:09 +0300
Processing by AccountController#login as HTML
  Current user: anonymous
  Rendering account/login.html.erb within layouts/base
  Rendered account/login.html.erb within layouts/base (4.3ms)
Completed 200 OK in 75ms (Views: 11.3ms | ActiveRecord: 3.5ms)
Started POST "/login" for 127.0.0.1 at 2021-05-23 09:21:17 +0300
Processing by AccountController#login as HTML
  Parameters: {"utf8"=>"✓", "authenticity_token"=>"1tPw6BltATzbT34f8WQ0SvbawmWm5rj_4KXpASfZLcGmmpeSuPj5Vz8PLr7HUYskXu92ngxfiaXikYIeh6IDlA", "back_url"=>"/projects", "username"=>"admin", "password"=>"[FILTERED]", "login"=>"Вход"}
  Current user: anonymous
Successful authentication for 'admin' from 127.0.0.1 at 2021-05-23 06:21:17 UTC
Redirected to http://127.0.0.1:3000/projects
Completed 302 Found in 21ms (ActiveRecord: 8.5ms)
Started GET "/projects" for 127.0.0.1 at 2021-05-23 09:21:17 +0300
Processing by ProjectsController#index as HTML
  Current user: admin (id=1)
Redirected to http://127.0.0.1:3000/my/password
Filter chain halted as :check_password_change rendered or redirected
Completed 302 Found in 8ms (ActiveRecord: 2.7ms)
Started GET "/my/password" for 127.0.0.1 at 2021-05-23 09:21:17 +0300
Processing by MyController#password as HTML
  Current user: admin (id=1)
  Rendering my/password.html.erb within layouts/base
  Rendered my/password.html.erb within layouts/base (3.9ms)
Completed 200 OK in 80ms (Views: 13.9ms | ActiveRecord: 6.0ms)
Started POST "/my/password" for 127.0.0.1 at 2021-05-23 09:21:46 +0300
Processing by MyController#password as HTML
  Parameters: {"utf8"=>"✓", "authenticity_token"=>"BWDRIhBTgnAcIPFk2bUcxvxruEjxqYZisKGEhOYOHUvpkXgFYAnmVlZtKzYaz_KEMEG_MsMhdjQcTueUOqutSQ", "password"=>"[FILTERED]", "new_password"=>"[FILTERED]", "new_password_confirmation"=>"[FILTERED]", "commit"=>"Применить"}
  Current user: admin (id=1)
Redirected to http://127.0.0.1:3000/my/account
Completed 302 Found in 30ms (ActiveRecord: 13.9ms)
Started GET "/my/account" for 127.0.0.1 at 2021-05-23 09:21:46 +0300
Processing by MyController#account as HTML
  Current user: admin (id=1)
  Rendering my/account.html.erb within layouts/base
  Rendered users/_mail_notifications.html.erb (19.5ms)
  Rendered users/_preferences.html.erb (251.0ms)
  Rendered my/_sidebar.html.erb (6.3ms)
  Rendered my/account.html.erb within layouts/base (586.9ms)
Completed 200 OK in 657ms (Views: 584.5ms | ActiveRecord: 11.5ms)
Started GET "/admin" for 127.0.0.1 at 2021-05-23 09:22:25 +0300
Processing by AdminController#index as HTML
  Current user: admin (id=1)
  Rendering admin/index.html.erb within layouts/admin
  Rendered admin/_menu.html.erb (2.1ms)
  Rendered admin/index.html.erb within layouts/admin (58.5ms)
  Rendering layouts/base.html.erb
  Rendered layouts/base.html.erb (7.1ms)
Completed 200 OK in 184ms (Views: 121.0ms | ActiveRecord: 4.3ms)
Started GET "/admin/projects" for 127.0.0.1 at 2021-05-23 09:22:27 +0300
Processing by AdminController#projects as HTML
  Current user: admin (id=1)
  Rendering admin/projects.html.erb within layouts/admin
  Rendered admin/projects.html.erb within layouts/admin (2.4ms)
  Rendered admin/_menu.html.erb (1.9ms)
  Rendering layouts/base.html.erb
  Rendered layouts/base.html.erb (9.4ms)
Completed 200 OK in 110ms (Views: 15.7ms | ActiveRecord: 7.1ms)
Started GET "/admin/projects?utf8=%E2%9C%93&status=1&name=123" for 127.0.0.1 at 2021-05-23 09:22:32 +0300
Processing by AdminController#projects as HTML
  Parameters: {"utf8"=>"✓", "status"=>"1", "name"=>"123"}
  Current user: admin (id=1)
  Rendering admin/projects.html.erb within layouts/admin
  Rendered admin/projects.html.erb within layouts/admin (2.0ms)
  Rendered admin/_menu.html.erb (2.8ms)
  Rendering layouts/base.html.erb
  Rendered layouts/base.html.erb (15.9ms)
Completed 200 OK in 47ms (Views: 24.1ms | ActiveRecord: 12.0ms)
Started GET "/projects/new" for 127.0.0.1 at 2021-05-23 09:22:38 +0300
Processing by ProjectsController#new as HTML
  Current user: admin (id=1)
  Rendering projects/new.html.erb within layouts/base
  Rendered projects/_form.html.erb (50.4ms)
  Rendered projects/new.html.erb within layouts/base (121.7ms)
Completed 200 OK in 251ms (Views: 134.2ms | ActiveRecord: 19.3ms)
Started POST "/projects" for 127.0.0.1 at 2021-05-23 09:22:41 +0300
Processing by ProjectsController#create as HTML
  Parameters: {"utf8"=>"✓", "authenticity_token"=>"Ebuz6Vuz7KE0T1ELuhv7Gs_o0_dgKpxQLku42pJMR2H9ShrOK-mIh34Ci1l5YRVYA8LUjVKibAaCpNvKTun3Yw", "project"=>{"name"=>"123", "description"=>"", "identifier"=>"", "homepage"=>"", "is_public"=>"1", "inherit_members"=>"0", "enabled_module_names"=>["issue_tracking", "time_tracking", "news", "documents", "files", "wiki", "repository", "boards", "calendar", "gantt", ""]}, "commit"=>"Создать"}
  Current user: admin (id=1)
  Rendering projects/new.html.erb within layouts/base
  Rendered projects/_form.html.erb (28.6ms)
  Rendered projects/new.html.erb within layouts/base (33.4ms)
Completed 200 OK in 278ms (Views: 89.7ms | ActiveRecord: 55.6ms)
Started POST "/projects" for 127.0.0.1 at 2021-05-23 09:22:46 +0300
Processing by ProjectsController#create as HTML
  Parameters: {"utf8"=>"✓", "authenticity_token"=>"qSbsJgA5p79ozhCDVd0lGKpa12d-NV4RphQeGnhOcwRF10UBcGPDmSKDytGWp8taZnDQHUy9rkcK-30KpOvDBg", "project"=>{"name"=>"123", "description"=>"", "identifier"=>"1", "homepage"=>"", "is_public"=>"1", "inherit_members"=>"0", "enabled_module_names"=>["issue_tracking", "time_tracking", "news", "documents", "files", "wiki", "repository", "boards", "calendar", "gantt", ""]}, "commit"=>"Создать"}
  Current user: admin (id=1)
  Rendering projects/new.html.erb within layouts/base
  Rendered projects/_form.html.erb (39.1ms)
  Rendered projects/new.html.erb within layouts/base (43.8ms)
Completed 200 OK in 164ms (Views: 61.8ms | ActiveRecord: 39.4ms)
Started POST "/projects" for 127.0.0.1 at 2021-05-23 09:22:54 +0300
Processing by ProjectsController#create as HTML
  Parameters: {"utf8"=>"✓", "authenticity_token"=>"Z0Q9nARX8H1jdOnWamS4OgmTr4jE0ys0ZtXnGFCZ2YiLtZS7dA2UWyk5M4SpHlZ4xbmo8vZb22LKOoQIjDxpig", "project"=>{"name"=>"123", "description"=>"", "identifier"=>"asdasd-asdads", "homepage"=>"", "is_public"=>"1", "inherit_members"=>"0", "enabled_module_names"=>["issue_tracking", "time_tracking", "news", "documents", "files", "wiki", "repository", "boards", "calendar", "gantt", ""]}, "commit"=>"Создать"}
  Current user: admin (id=1)
Redirected to http://127.0.0.1:3000/projects/asdasd-asdads/settings
Completed 302 Found in 67ms (ActiveRecord: 30.9ms)
Started GET "/projects/asdasd-asdads/settings" for 127.0.0.1 at 2021-05-23 09:22:55 +0300
Processing by ProjectsController#settings as HTML
  Parameters: {"id"=>"asdasd-asdads"}
  Current user: admin (id=1)
  Rendering projects/settings.html.erb within layouts/base
  Rendered projects/_form.html.erb (7.8ms)
  Rendered projects/_edit.html.erb (9.4ms)
  Rendered projects/settings/_members.html.erb (8.3ms)
  Rendered projects/settings/_issues.html.erb (12.7ms)
  Rendered projects/settings/_versions.html.erb (7.4ms)
  Rendered projects/settings/_issue_categories.html.erb (5.3ms)
  Rendered projects/settings/_repositories.html.erb (8.9ms)
  Rendered projects/settings/_boards.html.erb (9.0ms)
  Rendered projects/settings/_activities.html.erb (23.1ms)
  Rendered common/_tabs.html.erb (1218.8ms)
  Rendered projects/settings.html.erb within layouts/base (1280.3ms)
Completed 200 OK in 1400ms (Views: 1289.7ms | ActiveRecord: 39.5ms)
Started PATCH "/projects/asdasd-asdads" for 127.0.0.1 at 2021-05-23 09:23:03 +0300
Processing by ProjectsController#update as HTML
  Parameters: {"utf8"=>"✓", "authenticity_token"=>"y7GaROPp6_mNd6vfH7PdCeJtaV1EhIpq6ChXX2Hkfh8nQDNjk7OP38c6cY3cyTNLLkduJ3YMejxExzRPvUHOHQ", "project"=>{"name"=>"123", "description"=>"", "homepage"=>"", "is_public"=>"1", "inherit_members"=>"0", "enabled_module_names"=>["issue_tracking", "time_tracking", "news", "documents", "files", "wiki", "repository", "boards", "calendar", "gantt", ""]}, "commit"=>"Сохранить", "id"=>"asdasd-asdads"}
  Current user: admin (id=1)
Redirected to http://127.0.0.1:3000/projects/asdasd-asdads/settings
Completed 302 Found in 20ms (ActiveRecord: 7.3ms)
Started GET "/projects/asdasd-asdads/settings" for 127.0.0.1 at 2021-05-23 09:23:03 +0300
Processing by ProjectsController#settings as HTML
  Parameters: {"id"=>"asdasd-asdads"}
  Current user: admin (id=1)
  Rendering projects/settings.html.erb within layouts/base
  Rendered projects/_form.html.erb (9.5ms)
  Rendered projects/_edit.html.erb (11.0ms)
  Rendered projects/settings/_members.html.erb (4.0ms)
  Rendered projects/settings/_issues.html.erb (8.5ms)
  Rendered projects/settings/_versions.html.erb (3.9ms)
  Rendered projects/settings/_issue_categories.html.erb (1.8ms)
  Rendered projects/settings/_repositories.html.erb (1.5ms)
  Rendered projects/settings/_boards.html.erb (1.7ms)
  Rendered projects/settings/_activities.html.erb (6.4ms)
  Rendered common/_tabs.html.erb (47.1ms)
  Rendered projects/settings.html.erb within layouts/base (49.5ms)
Completed 200 OK in 85ms (Views: 54.6ms | ActiveRecord: 22.3ms)
Started GET "/projects/asdasd-asdads/memberships/new" for 127.0.0.1 at 2021-05-23 09:23:05 +0300
Processing by MembersController#new as JS
  Parameters: {"project_id"=>"asdasd-asdads"}
  Current user: admin (id=1)
  Rendering members/new.js.erb
  Rendered members/_new_form.html.erb (44.4ms)
  Rendered members/_new_modal.html.erb (4677.9ms)
  Rendered members/new.js.erb (8360.1ms)
Completed 200 OK in 16588ms (Views: 12845.9ms | ActiveRecord: 16.2ms)
Started GET "/projects/asdasd-asdads/memberships/new" for 127.0.0.1 at 2021-05-23 09:23:22 +0300
Processing by MembersController#new as JS
  Parameters: {"project_id"=>"asdasd-asdads"}
  Current user: admin (id=1)
  Rendering members/new.js.erb
  Rendered members/_new_form.html.erb (13.2ms)
  Rendered members/_new_modal.html.erb (16.6ms)
  Rendered members/new.js.erb (18.3ms)
Completed 200 OK in 49ms (Views: 16.6ms | ActiveRecord: 15.5ms)
Started GET "/projects/asdasd-asdads/memberships/new" for 127.0.0.1 at 2021-05-23 09:23:22 +0300
Processing by MembersController#new as JS
  Parameters: {"project_id"=>"asdasd-asdads"}
  Current user: admin (id=1)
  Rendering members/new.js.erb
  Rendered members/_new_form.html.erb (20.4ms)
  Rendered members/_new_modal.html.erb (23.6ms)
  Rendered members/new.js.erb (25.5ms)
Completed 200 OK in 60ms (Views: 23.4ms | ActiveRecord: 16.2ms)
Started GET "/" for 127.0.0.1 at 2021-05-23 09:23:36 +0300
Processing by WelcomeController#index as HTML
  Current user: admin (id=1)
  Rendering welcome/index.html.erb within layouts/base
  Rendered welcome/index.html.erb within layouts/base (6.8ms)
Completed 200 OK in 23ms (Views: 10.4ms | ActiveRecord: 8.1ms)
Started GET "/projects" for 127.0.0.1 at 2021-05-23 09:23:38 +0300
Processing by ProjectsController#index as HTML
  Current user: admin (id=1)
  Rendering projects/index.html.erb within layouts/base
  Rendered queries/_filters.html.erb (2.3ms)
  Rendered queries/_columns.html.erb (0.5ms)
  Rendered queries/_query_form.html.erb (5.0ms)
  Rendered projects/_board.html.erb (5.2ms)
  Rendered projects/_sidebar.html.erb (2.4ms)
  Rendered projects/index.html.erb within layouts/base (92.9ms)
Completed 200 OK in 120ms (Views: 102.1ms | ActiveRecord: 10.2ms)
Started GET "/projects/asdasd-asdads" for 127.0.0.1 at 2021-05-23 09:23:40 +0300
Processing by ProjectsController#show as HTML
  Parameters: {"id"=>"asdasd-asdads"}
  Current user: admin (id=1)
  Rendering projects/show.html.erb within layouts/base
  Rendered projects/_members_box.html.erb (1.2ms)
  Rendered projects/show.html.erb within layouts/base (213.2ms)
Completed 200 OK in 531ms (Views: 238.7ms | ActiveRecord: 43.5ms)
Creating scope :system. Overwriting existing method Enumeration.system.
Creating scope :sorted. Overwriting existing method Group.sorted.
Creating scope :sorted. Overwriting existing method User.sorted.
Started GET "/" for 127.0.0.1 at 2021-05-23 09:25:22 +0300
Processing by WelcomeController#index as HTML
  Current user: admin (id=1)
  Rendering welcome/index.html.erb within layouts/base
  Rendered welcome/index.html.erb within layouts/base (25.4ms)
Completed 200 OK in 4103ms (Views: 414.3ms | ActiveRecord: 99.4ms)
Started GET "/projects" for 127.0.0.1 at 2021-05-23 09:25:35 +0300
Processing by ProjectsController#index as HTML
  Current user: admin (id=1)
  Rendering projects/index.html.erb within layouts/base
  Rendered queries/_filters.html.erb (12.4ms)
  Rendered queries/_columns.html.erb (1.6ms)
  Rendered queries/_query_form.html.erb (137.6ms)
  Rendered projects/_board.html.erb (14.0ms)
  Rendered projects/_sidebar.html.erb (3.6ms)
  Rendered projects/index.html.erb within layouts/base (355.6ms)
Completed 200 OK in 465ms (Views: 363.9ms | ActiveRecord: 18.2ms)
